EDA Netlist Writer report for contador31
Sat Jun 22 20:14:13 2019
Quartus II 64-Bit Version 13.0.0 Build 156 04/24/2013 SJ Web Edition


---------------------
; Table of Contents ;
---------------------
  1. Legal Notice
  2. EDA Netlist Writer Summary
  3. Simulation Settings
  4. Simulation Generated Files
  5. EDA Netlist Writer Messages



----------------
; Legal Notice ;
----------------
Copyright (C) 1991-2013 Altera Corporation
Your use of Altera Corporation's design tools, logic functions 
and other software and tools, and its AMPP partner logic 
functions, and any output files from any of the foregoing 
(including device programming or simulation files), and any 
associated documentation or information are expressly subject 
to the terms and conditions of the Altera Program License 
Subscription Agreement, Altera MegaCore Function License 
Agreement, or other applicable license agreement, including, 
without limitation, that your use is for the sole purpose of 
programming logic devices manufactured by Altera and sold by 
Altera or its authorized distributors.  Please refer to the 
applicable agreement for further details.



+-------------------------------------------------------------------+
; EDA Netlist Writer Summary                                        ;
+---------------------------+---------------------------------------+
; EDA Netlist Writer Status ; Successful - Sat Jun 22 20:14:13 2019 ;
; Revision Name             ; contador31                            ;
; Top-level Entity Name     ; contador31                            ;
; Family                    ; Cyclone IV E                          ;
; Simulation Files Creation ; Successful                            ;
+---------------------------+---------------------------------------+


+----------------------------------------------------------------------------------------------------------------------------+
; Simulation Settings                                                                                                        ;
+---------------------------------------------------------------------------------------------------+------------------------+
; Option                                                                                            ; Setting                ;
+---------------------------------------------------------------------------------------------------+------------------------+
; Tool Name                                                                                         ; ModelSim-Altera (VHDL) ;
; Generate netlist for functional simulation only                                                   ; Off                    ;
; Time scale                                                                                        ; 1 ps                   ;
; Truncate long hierarchy paths                                                                     ; Off                    ;
; Map illegal HDL characters                                                                        ; Off                    ;
; Flatten buses into individual nodes                                                               ; Off                    ;
; Maintain hierarchy                                                                                ; Off                    ;
; Bring out device-wide set/reset signals as ports                                                  ; Off                    ;
; Enable glitch filtering                                                                           ; Off                    ;
; Do not write top level VHDL entity                                                                ; Off                    ;
; Disable detection of setup and hold time violations in the input registers of bi-directional pins ; Off                    ;
; Architecture name in VHDL output netlist                                                          ; structure              ;
; Generate third-party EDA tool command script for RTL functional simulation                        ; Off                    ;
; Generate third-party EDA tool command script for gate-level simulation                            ; Off                    ;
+---------------------------------------------------------------------------------------------------+------------------------+


+--------------------------------------------------------------------------------------------------------------------------------------------------------------------+
; Simulation Generated Files                                                                                                                                         ;
+--------------------------------------------------------------------------------------------------------------------------------------------------------------------+
; Generated Files                                                                                                                                                    ;
+--------------------------------------------------------------------------------------------------------------------------------------------------------------------+
; C:/Users/lucas/OneDrive/햞ea de Trabalho/Faculdade-master/IFMG/LAB EletronicaDigital/Trabalho/Contador31/simulation/modelsim/contador31_7_1200mv_85c_slow.vho      ;
; C:/Users/lucas/OneDrive/햞ea de Trabalho/Faculdade-master/IFMG/LAB EletronicaDigital/Trabalho/Contador31/simulation/modelsim/contador31_7_1200mv_0c_slow.vho       ;
; C:/Users/lucas/OneDrive/햞ea de Trabalho/Faculdade-master/IFMG/LAB EletronicaDigital/Trabalho/Contador31/simulation/modelsim/contador31_min_1200mv_0c_fast.vho     ;
; C:/Users/lucas/OneDrive/햞ea de Trabalho/Faculdade-master/IFMG/LAB EletronicaDigital/Trabalho/Contador31/simulation/modelsim/contador31.vho                        ;
; C:/Users/lucas/OneDrive/햞ea de Trabalho/Faculdade-master/IFMG/LAB EletronicaDigital/Trabalho/Contador31/simulation/modelsim/contador31_7_1200mv_85c_vhd_slow.sdo  ;
; C:/Users/lucas/OneDrive/햞ea de Trabalho/Faculdade-master/IFMG/LAB EletronicaDigital/Trabalho/Contador31/simulation/modelsim/contador31_7_1200mv_0c_vhd_slow.sdo   ;
; C:/Users/lucas/OneDrive/햞ea de Trabalho/Faculdade-master/IFMG/LAB EletronicaDigital/Trabalho/Contador31/simulation/modelsim/contador31_min_1200mv_0c_vhd_fast.sdo ;
; C:/Users/lucas/OneDrive/햞ea de Trabalho/Faculdade-master/IFMG/LAB EletronicaDigital/Trabalho/Contador31/simulation/modelsim/contador31_vhd.sdo                    ;
+--------------------------------------------------------------------------------------------------------------------------------------------------------------------+


+-----------------------------+
; EDA Netlist Writer Messages ;
+-----------------------------+
Info: *******************************************************************
Info: Running Quartus II 64-Bit EDA Netlist Writer
    Info: Version 13.0.0 Build 156 04/24/2013 SJ Web Edition
    Info: Processing started: Sat Jun 22 20:14:09 2019
Info: Command: quartus_eda --read_settings_files=off --write_settings_files=off contador31 -c contador31
Info (204019): Generated file contador31_7_1200mv_85c_slow.vho in folder "C:/Users/lucas/OneDrive/햞ea de Trabalho/Faculdade-master/IFMG/LAB EletronicaDigital/Trabalho/Contador31/simulation/modelsim/" for EDA simulation tool
Info (204019): Generated file contador31_7_1200mv_0c_slow.vho in folder "C:/Users/lucas/OneDrive/햞ea de Trabalho/Faculdade-master/IFMG/LAB EletronicaDigital/Trabalho/Contador31/simulation/modelsim/" for EDA simulation tool
Info (204019): Generated file contador31_min_1200mv_0c_fast.vho in folder "C:/Users/lucas/OneDrive/햞ea de Trabalho/Faculdade-master/IFMG/LAB EletronicaDigital/Trabalho/Contador31/simulation/modelsim/" for EDA simulation tool
Info (204019): Generated file contador31.vho in folder "C:/Users/lucas/OneDrive/햞ea de Trabalho/Faculdade-master/IFMG/LAB EletronicaDigital/Trabalho/Contador31/simulation/modelsim/" for EDA simulation tool
Info (204019): Generated file contador31_7_1200mv_85c_vhd_slow.sdo in folder "C:/Users/lucas/OneDrive/햞ea de Trabalho/Faculdade-master/IFMG/LAB EletronicaDigital/Trabalho/Contador31/simulation/modelsim/" for EDA simulation tool
Info (204019): Generated file contador31_7_1200mv_0c_vhd_slow.sdo in folder "C:/Users/lucas/OneDrive/햞ea de Trabalho/Faculdade-master/IFMG/LAB EletronicaDigital/Trabalho/Contador31/simulation/modelsim/" for EDA simulation tool
Info (204019): Generated file contador31_min_1200mv_0c_vhd_fast.sdo in folder "C:/Users/lucas/OneDrive/햞ea de Trabalho/Faculdade-master/IFMG/LAB EletronicaDigital/Trabalho/Contador31/simulation/modelsim/" for EDA simulation tool
Info (204019): Generated file contador31_vhd.sdo in folder "C:/Users/lucas/OneDrive/햞ea de Trabalho/Faculdade-master/IFMG/LAB EletronicaDigital/Trabalho/Contador31/simulation/modelsim/" for EDA simulation tool
Info: Quartus II 64-Bit EDA Netlist Writer was successful. 0 errors, 0 warnings
    Info: Peak virtual memory: 4548 megabytes
    Info: Processing ended: Sat Jun 22 20:14:13 2019
    Info: Elapsed time: 00:00:04
    Info: Total CPU time (on all processors): 00:00:02


